This is TeX, Version 3.14159 (Web2C 7.2) (format=latex 1999.7.21)  26 NOV 1999 18:23
**\nonstopmode\input{ciao.1.4.tex}
(ciao.1.4.tex (/usr/share/texmf/tex/latex/base/article.cls
Document Class: article 1998/05/05 v1.3y Standard LaTeX document class
(/usr/share/texmf/tex/latex/base/size10.clo
File: size10.clo 1998/05/05 v1.3y Standard LaTeX file (size option)
)
\c@part=\count79
\c@section=\count80
\c@subsection=\count81
\c@subsubsection=\count82
\c@paragraph=\count83
\c@subparagraph=\count84
\c@figure=\count85
\c@table=\count86
\abovecaptionskip=\skip41
\belowcaptionskip=\skip42
\bibindent=\dimen102
)
(/usr/share/texmf/tex/latex/misc/a4wide.sty
Package: a4wide 1994/08/30

(/usr/share/texmf/tex/latex/ntgclass/a4.sty
Package: a4 1995/09/25 v1.2e A4 based page layout
))
(/usr/share/texmf/tex/latex/local/styles/other/twocolumn.sty)
(/usr/share/texmf/tex/latex/local/styles/latex2html/html.sty
Package: html 1996/12/22 v1.1 hypertext commands for latex2html (nd, hws, rrm)
\c@lpart=\count87
\c@lchapter=\count88
\c@lsection=\count89
\c@lsubsection=\count90
\c@lsubsubsection=\count91
\c@lparagraph=\count92
\c@lsubparagraph=\count93
\c@lequation=\count94
\c@lsubsubparagraph=\count95
\ptrfile=\write3
)
(/usr/share/texmf/tex/latex/local/styles/other/psfig.tex
\@unused=\write4

psfig: version 1.1 (MC-TeX)
\ps@dim=\dimen103
\ps@stream=\read1
) (/home/clip/Papers/clip_description/logo.tex) (ciao.1.4.aux)
\openout1 = `ciao.1.4.aux'.

LaTeX Font Info:    Checking defaults for OML/cmm/m/it on input line 84.
LaTeX Font Info:    ... okay on input line 84.
LaTeX Font Info:    Checking defaults for T1/cmr/m/n on input line 84.
LaTeX Font Info:    ... okay on input line 84.
LaTeX Font Info:    Checking defaults for OT1/cmr/m/n on input line 84.
LaTeX Font Info:    ... okay on input line 84.
LaTeX Font Info:    Checking defaults for OMS/cmsy/m/n on input line 84.
LaTeX Font Info:    ... okay on input line 84.
LaTeX Font Info:    Checking defaults for OMX/cmex/m/n on input line 84.
LaTeX Font Info:    ... okay on input line 84.
LaTeX Font Info:    Checking defaults for U/cmr/m/n on input line 84.
LaTeX Font Info:    ... okay on input line 84.

psfig: searching /home/clip/Papers/clip_description/Figs/clip.idraw for boundin
g box
psfig: including /home/clip/Papers/clip_description/Figs/clip.idraw
LaTeX Font Info:    External font `cmex10' loaded for size
(Font)              <7> on input line 112.
LaTeX Font Info:    External font `cmex10' loaded for size
(Font)              <5> on input line 112.
psfig: searching ciao_s.ps for bounding box
psfig: including ciao_s.ps

Overfull \hbox (2.22221pt too wide) in paragraph at lines 112--112
[] [] 
 []


Overfull \hbox (3.3629pt too wide) in paragraph at lines 112--112
|  [] 
 []


Underfull \hbox (badness 10000) in paragraph at lines 112--112

 []

LaTeX Font Info:    External font `cmex10' loaded for size
(Font)              <17.28> on input line 112.
LaTeX Font Info:    External font `cmex10' loaded for size
(Font)              <12> on input line 112.
LaTeX Font Info:    Try loading font information for OMS+cmr on input line 128.

(/usr/share/texmf/tex/latex/base/omscmr.fd
File: omscmr.fd 1998/03/27 v2.5g Standard LaTeX font definitions
)
LaTeX Font Info:    Font shape `OMS/cmr/m/n' in size <10> not available
(Font)              Font shape `OMS/cmsy/m/n' tried instead on input line 128.

Underfull \hbox (badness 2376) in paragraph at lines 139--143
[]\OT1/cmr/m/n/10 The \OT1/cmr/bx/n/10 Ciao \OT1/cmr/m/n/10 com-piler gen-er-at
es sev-eral
 []


Underfull \hbox (badness 1721) in paragraph at lines 139--143
\OT1/cmr/m/n/10 forms of architecture-independent and
 []


Underfull \hbox (badness 2237) in paragraph at lines 144--146
[]\OT1/cmr/bx/n/10 Ciao \OT1/cmr/m/n/10 sup-ports con-cur-rency (threads),
 []

[1



] (ciao.1.4.aux) ) 
Here is how much of TeX's memory you used:
 614 strings out of 10906
 6827 string characters out of 72728
 54207 words of memory out of 263001
 3579 multiletter control sequences out of 10000+0
 7670 words of font info for 28 fonts, out of 200000 for 1000
 15 hyphenation exceptions out of 1000
 24i,8n,20p,221b,265s stack positions out of 300i,100n,500p,30000b,4000s

Output written on ciao.1.4.dvi (1 page, 4980 bytes).
